<?xml version="1.0" encoding="UTF-8"?>
<testsuite xmlns:xsi="http://www.w3.org/2001/XMLSchema-instance" xsi:noNamespaceSchemaLocation="https://maven.apache.org/surefire/maven-surefire-plugin/xsd/surefire-test-report-3.0.xsd" version="3.0" name="com.datadog.task.LogParserTest" time="0.398" tests="9" errors="0" skipped="0" failures="0">
  <properties>
[...]
</properties>
  <testcase name="parseTimeStampShouldReturnRightValue" classname="com.datadog.task.LogParserTest" time="0.105"/>
  <testcase name="parseSectionShouldReturnNullIfDataIsInvalid" classname="com.datadog.task.LogParserTest" time="0.002"/>
  <testcase name="parseSectionShouldReturnFirstSectionIfOnlyOneSection" classname="com.datadog.task.LogParserTest" time="0.001"/>
  <testcase name="parseSectionShouldReturnRightValue" classname="com.datadog.task.LogParserTest" time="0.001"/>
  <testcase name="parseSectionShouldReturnNullForEmptyString" classname="com.datadog.task.LogParserTest" time="0"/>
  <testcase name="parseRecordShouldReturnEmptyIfTheLogIsInvalid" classname="com.datadog.task.LogParserTest" time="0.002"/>
  <testcase name="parseTimeShouldReturnNullForUnparsableTime" classname="com.datadog.task.LogParserTest" time="0.001"/>
  <testcase name="parseRecordShouldWork" classname="com.datadog.task.LogParserTest" time="0.003"/>
  <testcase name="parseRecordShouldWorksForRealAccessLog" classname="com.datadog.task.LogParserTest" time="0.262"/>
</testsuite>